setting 'ivy.default.settings.dir' to 'jar:file:/usr/local/Cellar/sbt/0.10.1/libexec/sbt-launch.jar!/org/apache/ivy/core/settings'
setting 'ivy.basedir' to '/Users/assaulter/Developer/scalaProjects/foodchain/.'
setting 'ivy.default.conf.dir' to 'jar:file:/usr/local/Cellar/sbt/0.10.1/libexec/sbt-launch.jar!/org/apache/ivy/core/settings'
impossible to define new type: class not found: org.apache.ivy.plugins.version.PatternVersionMatcher in [] nor Ivy classloader
impossible to define new type: class not found: org.apache.ivy.plugins.trigger.LogTrigger in [] nor Ivy classloader
impossible to define new type: class not found: org.apache.ivy.plugins.resolver.DualResolver in [] nor Ivy classloader
impossible to define new type: class not found: org.apache.ivy.plugins.resolver.VsftpResolver in [] nor Ivy classloader
impossible to define new type: class not found: org.apache.ivy.plugins.conflict.RegexpConflictManager in [] nor Ivy classloader
impossible to define new type: class not found: org.apache.ivy.plugins.resolver.SshResolver in [] nor Ivy classloader
impossible to define new type: class not found: org.apache.ivy.plugins.resolver.VfsResolver in [] nor Ivy classloader
impossible to define new type: class not found: org.apache.ivy.plugins.signer.bouncycastle.OpenPGPSignatureGenerator in [] nor Ivy classloader
impossible to define new type: class not found: org.apache.ivy.plugins.resolver.SFTPResolver in [] nor Ivy classloader
impossible to define new type: class not found: org.apache.ivy.plugins.resolver.packager.PackagerResolver in [] nor Ivy classloader
impossible to define new type: class not found: org.apache.ivy.ant.AntCallTrigger in [] nor Ivy classloader
impossible to define new type: class not found: org.apache.ivy.plugins.resolver.IvyRepResolver in [] nor Ivy classloader
impossible to define new type: class not found: org.apache.ivy.ant.AntBuildTrigger in [] nor Ivy classloader
impossible to define glob matcher: org.apache.ivy.plugins.matcher.GlobPatternMatcher was not found.
setting 'java.runtime.name' to 'Java(TM) SE Runtime Environment'
setting 'sun.boot.library.path' to '/Library/Java/JavaVirtualMachines/jdk1.7.0_21.jdk/Contents/Home/jre/lib'
setting 'java.vm.version' to '23.21-b01'
setting 'gopherProxySet' to 'false'
setting 'java.vm.vendor' to 'Oracle Corporation'
setting 'java.vendor.url' to 'http://java.oracle.com/'
setting 'path.separator' to ':'
setting 'java.vm.name' to 'Java HotSpot(TM) 64-Bit Server VM'
setting 'file.encoding.pkg' to 'sun.io'
setting 'user.country' to 'JP'
setting 'sun.java.launcher' to 'SUN_STANDARD'
setting 'sun.os.patch.level' to 'unknown'
setting 'java.vm.specification.name' to 'Java Virtual Machine Specification'
setting 'user.dir' to '/Users/assaulter/Developer/scalaProjects/foodchain'
setting 'java.runtime.version' to '1.7.0_21-b12'
setting 'java.awt.graphicsenv' to 'sun.awt.CGraphicsEnvironment'
setting 'java.endorsed.dirs' to '/Library/Java/JavaVirtualMachines/jdk1.7.0_21.jdk/Contents/Home/jre/lib/endorsed'
setting 'os.arch' to 'x86_64'
setting 'java.io.tmpdir' to '/var/folders/_8/fgzgr3l976s_93s4qsl3flw80000gn/T/'
setting 'line.separator' to '
'
setting 'java.vm.specification.vendor' to 'Oracle Corporation'
setting 'os.name' to 'Mac OS X'
setting 'sun.jnu.encoding' to 'UTF-8'
setting 'java.library.path' to '/Users/assaulter/Library/Java/Extensions:/Library/Java/Extensions:/Network/Library/Java/Extensions:/System/Library/Java/Extensions:/usr/lib/java:.'
setting 'java.specification.name' to 'Java Platform API Specification'
setting 'java.class.version' to '51.0'
setting 'sun.management.compiler' to 'HotSpot 64-Bit Tiered Compilers'
setting 'os.version' to '10.7.5'
setting 'http.nonProxyHosts' to 'local|*.local|169.254/16|*.169.254/16'
setting 'user.home' to '/Users/assaulter'
setting 'user.timezone' to 'Asia/Tokyo'
setting 'java.awt.printerjob' to 'sun.lwawt.macosx.CPrinterJob'
setting 'file.encoding' to 'UTF-8'
setting 'java.specification.version' to '1.7'
setting 'java.class.path' to '/usr/local/Cellar/sbt/0.10.1/libexec/sbt-launch.jar'
setting 'user.name' to 'assaulter'
setting 'java.vm.specification.version' to '1.7'
setting 'sun.java.command' to '/usr/local/Cellar/sbt/0.10.1/libexec/sbt-launch.jar sbt-version'
setting 'java.home' to '/Library/Java/JavaVirtualMachines/jdk1.7.0_21.jdk/Contents/Home/jre'
setting 'sun.arch.data.model' to '64'
setting 'user.language' to 'ja'
setting 'java.specification.vendor' to 'Oracle Corporation'
setting 'awt.toolkit' to 'sun.lwawt.macosx.LWCToolkit'
setting 'java.vm.info' to 'mixed mode'
setting 'java.version' to '1.7.0_21'
setting 'java.ext.dirs' to '/Users/assaulter/Library/Java/Extensions:/Library/Java/JavaVirtualMachines/jdk1.7.0_21.jdk/Contents/Home/jre/lib/ext:/Library/Java/Extensions:/Network/Library/Java/Extensions:/System/Library/Java/Extensions:/usr/lib/java'
setting 'sun.boot.class.path' to '/Library/Java/JavaVirtualMachines/jdk1.7.0_21.jdk/Contents/Home/jre/lib/resources.jar:/Library/Java/JavaVirtualMachines/jdk1.7.0_21.jdk/Contents/Home/jre/lib/rt.jar:/Library/Java/JavaVirtualMachines/jdk1.7.0_21.jdk/Contents/Home/jre/lib/sunrsasign.jar:/Library/Java/JavaVirtualMachines/jdk1.7.0_21.jdk/Contents/Home/jre/lib/jsse.jar:/Library/Java/JavaVirtualMachines/jdk1.7.0_21.jdk/Contents/Home/jre/lib/jce.jar:/Library/Java/JavaVirtualMachines/jdk1.7.0_21.jdk/Contents/Home/jre/lib/charsets.jar:/Library/Java/JavaVirtualMachines/jdk1.7.0_21.jdk/Contents/Home/jre/lib/jfr.jar:/Library/Java/JavaVirtualMachines/jdk1.7.0_21.jdk/Contents/Home/jre/lib/JObjC.jar:/Library/Java/JavaVirtualMachines/jdk1.7.0_21.jdk/Contents/Home/jre/classes'
setting 'java.vendor' to 'Oracle Corporation'
setting 'file.separator' to '/'
setting 'java.vendor.url.bug' to 'http://bugreport.sun.com/bugreport/'
setting 'sun.io.unicode.encoding' to 'UnicodeBig'
setting 'sun.cpu.endian' to 'little'
setting 'socksNonProxyHosts' to 'local|*.local|169.254/16|*.169.254/16'
setting 'ftp.nonProxyHosts' to 'local|*.local|169.254/16|*.169.254/16'
setting 'sun.cpu.isalist' to ''
setting 'ivy.default.ivy.user.dir' to '/Users/assaulter/.ivy2'
setting 'ivy.home' to '/Users/assaulter/.ivy2'
setting 'ivy.cache.dir' to '/Users/assaulter/.ivy2/cache'
no default cache defined: set to /Users/assaulter/.ivy2/cache
setting 'ivy.checksums' to 'sha1,md5'
setting 'ivy.basedir' to '/Users/assaulter/Developer/scalaProjects/foodchain/project/boot'
setting 'basedir' to '/Users/assaulter/Developer/scalaProjects/foodchain/project/boot'
setting 'scala' to '2.8.1'
:: resolving dependencies :: org.scala-tools.sbt#boot-app;1.0
	confs: [default]
	validate = true
	refresh = false
resolving dependencies for configuration 'default'
== resolving dependencies for org.scala-tools.sbt#boot-app;1.0 [default]
loadData of org.scala-tools.sbt#boot-app;1.0 of rootConf=default
== resolving dependencies org.scala-tools.sbt#boot-app;1.0->org.scala-tools.sbt#sbt_2.8.1;0.12.2 [default->default(compile)]
loadData of org.scala-tools.sbt#sbt_2.8.1;0.12.2 of rootConf=default
	using redefined-public to resolve org.scala-tools.sbt#sbt_2.8.1;0.12.2
redefined-public: Checking cache for: dependency: org.scala-tools.sbt#sbt_2.8.1;0.12.2 {default=[default(compile)]}
redefined-public: no namespace defined: using system
	no ivy file in cache for org.scala-tools.sbt#sbt_2.8.1;0.12.2: tried /Users/assaulter/.ivy2/cache/org.scala-tools.sbt/sbt_2.8.1/ivy-0.12.2.xml
redefined-public: no latest strategy defined: using default
local: no namespace defined: using system
	no ivy file in cache for org.scala-tools.sbt#sbt_2.8.1;0.12.2: tried /Users/assaulter/.ivy2/cache/org.scala-tools.sbt/sbt_2.8.1/ivy-0.12.2.xml
	 trying /Users/assaulter/.ivy2/local/org.scala-tools.sbt/sbt_2.8.1/0.12.2/ivys/ivy.xml
		tried /Users/assaulter/.ivy2/local/org.scala-tools.sbt/sbt_2.8.1/0.12.2/ivys/ivy.xml
	local: resource not reachable for org.scala-tools.sbt#sbt_2.8.1;0.12.2: res=/Users/assaulter/.ivy2/local/org.scala-tools.sbt/sbt_2.8.1/0.12.2/ivys/ivy.xml
	 trying /Users/assaulter/.ivy2/local/org.scala-tools.sbt/sbt_2.8.1/0.12.2/jars/sbt_2.8.1.jar
		tried /Users/assaulter/.ivy2/local/org.scala-tools.sbt/sbt_2.8.1/0.12.2/jars/sbt_2.8.1.jar
	local: resource not reachable for org.scala-tools.sbt#sbt_2.8.1;0.12.2: res=/Users/assaulter/.ivy2/local/org.scala-tools.sbt/sbt_2.8.1/0.12.2/jars/sbt_2.8.1.jar
	local: no ivy file nor artifact found for org.scala-tools.sbt#sbt_2.8.1;0.12.2
Maven2 Local: no namespace defined: using system
	no ivy file in cache for org.scala-tools.sbt#sbt_2.8.1;0.12.2: tried /Users/assaulter/.ivy2/cache/org.scala-tools.sbt/sbt_2.8.1/ivy-0.12.2.xml
	 trying file:///Users/assaulter/.m2/repository/org/scala-tools/sbt/sbt_2.8.1/0.12.2/sbt_2.8.1-0.12.2.pom
		tried file:///Users/assaulter/.m2/repository/org/scala-tools/sbt/sbt_2.8.1/0.12.2/sbt_2.8.1-0.12.2.pom
	Maven2 Local: resource not reachable for org/scala-tools/sbt#sbt_2.8.1;0.12.2: res=file:/Users/assaulter/.m2/repository/org/scala-tools/sbt/sbt_2.8.1/0.12.2/sbt_2.8.1-0.12.2.pom
	 trying file:///Users/assaulter/.m2/repository/org/scala-tools/sbt/sbt_2.8.1/0.12.2/sbt_2.8.1-0.12.2.jar
		tried file:///Users/assaulter/.m2/repository/org/scala-tools/sbt/sbt_2.8.1/0.12.2/sbt_2.8.1-0.12.2.jar
	Maven2 Local: resource not reachable for org/scala-tools/sbt#sbt_2.8.1;0.12.2: res=file:/Users/assaulter/.m2/repository/org/scala-tools/sbt/sbt_2.8.1/0.12.2/sbt_2.8.1-0.12.2.jar
	Maven2 Local: no ivy file nor artifact found for org.scala-tools.sbt#sbt_2.8.1;0.12.2
typesafe-ivy-releases: no namespace defined: using system
	no ivy file in cache for org.scala-tools.sbt#sbt_2.8.1;0.12.2: tried /Users/assaulter/.ivy2/cache/org.scala-tools.sbt/sbt_2.8.1/ivy-0.12.2.xml
	 trying http://repo.typesafe.com/typesafe/ivy-releases/org.scala-tools.sbt/sbt_2.8.1/0.12.2/ivys/ivy.xml
		tried http://repo.typesafe.com/typesafe/ivy-releases/org.scala-tools.sbt/sbt_2.8.1/0.12.2/ivys/ivy.xml
HTTP response status: 404 url=http://repo.typesafe.com/typesafe/ivy-releases/org.scala-tools.sbt/sbt_2.8.1/0.12.2/ivys/ivy.xml
CLIENT ERROR: Not Found url=http://repo.typesafe.com/typesafe/ivy-releases/org.scala-tools.sbt/sbt_2.8.1/0.12.2/ivys/ivy.xml
	typesafe-ivy-releases: resource not reachable for org.scala-tools.sbt#sbt_2.8.1;0.12.2: res=http://repo.typesafe.com/typesafe/ivy-releases/org.scala-tools.sbt/sbt_2.8.1/0.12.2/ivys/ivy.xml
	 trying http://repo.typesafe.com/typesafe/ivy-releases/org.scala-tools.sbt/sbt_2.8.1/0.12.2/jars/sbt_2.8.1.jar
		tried http://repo.typesafe.com/typesafe/ivy-releases/org.scala-tools.sbt/sbt_2.8.1/0.12.2/jars/sbt_2.8.1.jar
HTTP response status: 404 url=http://repo.typesafe.com/typesafe/ivy-releases/org.scala-tools.sbt/sbt_2.8.1/0.12.2/jars/sbt_2.8.1.jar
CLIENT ERROR: Not Found url=http://repo.typesafe.com/typesafe/ivy-releases/org.scala-tools.sbt/sbt_2.8.1/0.12.2/jars/sbt_2.8.1.jar
	typesafe-ivy-releases: resource not reachable for org.scala-tools.sbt#sbt_2.8.1;0.12.2: res=http://repo.typesafe.com/typesafe/ivy-releases/org.scala-tools.sbt/sbt_2.8.1/0.12.2/jars/sbt_2.8.1.jar
	typesafe-ivy-releases: no ivy file nor artifact found for org.scala-tools.sbt#sbt_2.8.1;0.12.2
Maven Central: no namespace defined: using system
	no ivy file in cache for org.scala-tools.sbt#sbt_2.8.1;0.12.2: tried /Users/assaulter/.ivy2/cache/org.scala-tools.sbt/sbt_2.8.1/ivy-0.12.2.xml
	 trying http://repo1.maven.org/maven2/org/scala-tools/sbt/sbt_2.8.1/0.12.2/sbt_2.8.1-0.12.2.pom
		tried http://repo1.maven.org/maven2/org/scala-tools/sbt/sbt_2.8.1/0.12.2/sbt_2.8.1-0.12.2.pom
HTTP response status: 404 url=http://repo1.maven.org/maven2/org/scala-tools/sbt/sbt_2.8.1/0.12.2/sbt_2.8.1-0.12.2.pom
CLIENT ERROR: Not Found url=http://repo1.maven.org/maven2/org/scala-tools/sbt/sbt_2.8.1/0.12.2/sbt_2.8.1-0.12.2.pom
	Maven Central: resource not reachable for org/scala-tools/sbt#sbt_2.8.1;0.12.2: res=http://repo1.maven.org/maven2/org/scala-tools/sbt/sbt_2.8.1/0.12.2/sbt_2.8.1-0.12.2.pom
	 trying http://repo1.maven.org/maven2/org/scala-tools/sbt/sbt_2.8.1/0.12.2/sbt_2.8.1-0.12.2.jar
		tried http://repo1.maven.org/maven2/org/scala-tools/sbt/sbt_2.8.1/0.12.2/sbt_2.8.1-0.12.2.jar
HTTP response status: 404 url=http://repo1.maven.org/maven2/org/scala-tools/sbt/sbt_2.8.1/0.12.2/sbt_2.8.1-0.12.2.jar
CLIENT ERROR: Not Found url=http://repo1.maven.org/maven2/org/scala-tools/sbt/sbt_2.8.1/0.12.2/sbt_2.8.1-0.12.2.jar
	Maven Central: resource not reachable for org/scala-tools/sbt#sbt_2.8.1;0.12.2: res=http://repo1.maven.org/maven2/org/scala-tools/sbt/sbt_2.8.1/0.12.2/sbt_2.8.1-0.12.2.jar
	Maven Central: no ivy file nor artifact found for org.scala-tools.sbt#sbt_2.8.1;0.12.2
Scala-Tools Maven2 Repository: no namespace defined: using system
	no ivy file in cache for org.scala-tools.sbt#sbt_2.8.1;0.12.2: tried /Users/assaulter/.ivy2/cache/org.scala-tools.sbt/sbt_2.8.1/ivy-0.12.2.xml
	 trying http://scala-tools.org/repo-releases/org/scala-tools/sbt/sbt_2.8.1/0.12.2/sbt_2.8.1-0.12.2.pom
		tried http://scala-tools.org/repo-releases/org/scala-tools/sbt/sbt_2.8.1/0.12.2/sbt_2.8.1-0.12.2.pom
HTTP response status: 404 url=http://scala-tools.org/repo-releases/org/scala-tools/sbt/sbt_2.8.1/0.12.2/sbt_2.8.1-0.12.2.pom
CLIENT ERROR: Not Found url=http://scala-tools.org/repo-releases/org/scala-tools/sbt/sbt_2.8.1/0.12.2/sbt_2.8.1-0.12.2.pom
	Scala-Tools Maven2 Repository: resource not reachable for org/scala-tools/sbt#sbt_2.8.1;0.12.2: res=http://scala-tools.org/repo-releases/org/scala-tools/sbt/sbt_2.8.1/0.12.2/sbt_2.8.1-0.12.2.pom
	 trying http://scala-tools.org/repo-releases/org/scala-tools/sbt/sbt_2.8.1/0.12.2/sbt_2.8.1-0.12.2.jar
		tried http://scala-tools.org/repo-releases/org/scala-tools/sbt/sbt_2.8.1/0.12.2/sbt_2.8.1-0.12.2.jar
HTTP response status: 404 url=http://scala-tools.org/repo-releases/org/scala-tools/sbt/sbt_2.8.1/0.12.2/sbt_2.8.1-0.12.2.jar
CLIENT ERROR: Not Found url=http://scala-tools.org/repo-releases/org/scala-tools/sbt/sbt_2.8.1/0.12.2/sbt_2.8.1-0.12.2.jar
	Scala-Tools Maven2 Repository: resource not reachable for org/scala-tools/sbt#sbt_2.8.1;0.12.2: res=http://scala-tools.org/repo-releases/org/scala-tools/sbt/sbt_2.8.1/0.12.2/sbt_2.8.1-0.12.2.jar
	Scala-Tools Maven2 Repository: no ivy file nor artifact found for org.scala-tools.sbt#sbt_2.8.1;0.12.2
Scala-Tools Maven2 Snapshots Repository: no namespace defined: using system
	no ivy file in cache for org.scala-tools.sbt#sbt_2.8.1;0.12.2: tried /Users/assaulter/.ivy2/cache/org.scala-tools.sbt/sbt_2.8.1/ivy-0.12.2.xml
	 trying http://scala-tools.org/repo-snapshots/org/scala-tools/sbt/sbt_2.8.1/0.12.2/sbt_2.8.1-0.12.2.pom
		tried http://scala-tools.org/repo-snapshots/org/scala-tools/sbt/sbt_2.8.1/0.12.2/sbt_2.8.1-0.12.2.pom
HTTP response status: 404 url=http://scala-tools.org/repo-snapshots/org/scala-tools/sbt/sbt_2.8.1/0.12.2/sbt_2.8.1-0.12.2.pom
CLIENT ERROR: Not Found url=http://scala-tools.org/repo-snapshots/org/scala-tools/sbt/sbt_2.8.1/0.12.2/sbt_2.8.1-0.12.2.pom
	Scala-Tools Maven2 Snapshots Repository: resource not reachable for org/scala-tools/sbt#sbt_2.8.1;0.12.2: res=http://scala-tools.org/repo-snapshots/org/scala-tools/sbt/sbt_2.8.1/0.12.2/sbt_2.8.1-0.12.2.pom
	 trying http://scala-tools.org/repo-snapshots/org/scala-tools/sbt/sbt_2.8.1/0.12.2/sbt_2.8.1-0.12.2.jar
		tried http://scala-tools.org/repo-snapshots/org/scala-tools/sbt/sbt_2.8.1/0.12.2/sbt_2.8.1-0.12.2.jar
HTTP response status: 404 url=http://scala-tools.org/repo-snapshots/org/scala-tools/sbt/sbt_2.8.1/0.12.2/sbt_2.8.1-0.12.2.jar
CLIENT ERROR: Not Found url=http://scala-tools.org/repo-snapshots/org/scala-tools/sbt/sbt_2.8.1/0.12.2/sbt_2.8.1-0.12.2.jar
	Scala-Tools Maven2 Snapshots Repository: resource not reachable for org/scala-tools/sbt#sbt_2.8.1;0.12.2: res=http://scala-tools.org/repo-snapshots/org/scala-tools/sbt/sbt_2.8.1/0.12.2/sbt_2.8.1-0.12.2.jar
	Scala-Tools Maven2 Snapshots Repository: no ivy file nor artifact found for org.scala-tools.sbt#sbt_2.8.1;0.12.2
WARN: 	module not found: org.scala-tools.sbt#sbt_2.8.1;0.12.2
WARN: ==== local: tried
WARN:   /Users/assaulter/.ivy2/local/org.scala-tools.sbt/sbt_2.8.1/0.12.2/ivys/ivy.xml
WARN:   -- artifact org.scala-tools.sbt#sbt_2.8.1;0.12.2!sbt_2.8.1.jar:
WARN:   /Users/assaulter/.ivy2/local/org.scala-tools.sbt/sbt_2.8.1/0.12.2/jars/sbt_2.8.1.jar
WARN: ==== Maven2 Local: tried
WARN:   file:///Users/assaulter/.m2/repository/org/scala-tools/sbt/sbt_2.8.1/0.12.2/sbt_2.8.1-0.12.2.pom
WARN:   -- artifact org.scala-tools.sbt#sbt_2.8.1;0.12.2!sbt_2.8.1.jar:
WARN:   file:///Users/assaulter/.m2/repository/org/scala-tools/sbt/sbt_2.8.1/0.12.2/sbt_2.8.1-0.12.2.jar
WARN: ==== typesafe-ivy-releases: tried
WARN:   http://repo.typesafe.com/typesafe/ivy-releases/org.scala-tools.sbt/sbt_2.8.1/0.12.2/ivys/ivy.xml
WARN:   -- artifact org.scala-tools.sbt#sbt_2.8.1;0.12.2!sbt_2.8.1.jar:
WARN:   http://repo.typesafe.com/typesafe/ivy-releases/org.scala-tools.sbt/sbt_2.8.1/0.12.2/jars/sbt_2.8.1.jar
WARN: ==== Maven Central: tried
WARN:   http://repo1.maven.org/maven2/org/scala-tools/sbt/sbt_2.8.1/0.12.2/sbt_2.8.1-0.12.2.pom
WARN:   -- artifact org.scala-tools.sbt#sbt_2.8.1;0.12.2!sbt_2.8.1.jar:
WARN:   http://repo1.maven.org/maven2/org/scala-tools/sbt/sbt_2.8.1/0.12.2/sbt_2.8.1-0.12.2.jar
WARN: ==== Scala-Tools Maven2 Repository: tried
WARN:   http://scala-tools.org/repo-releases/org/scala-tools/sbt/sbt_2.8.1/0.12.2/sbt_2.8.1-0.12.2.pom
WARN:   -- artifact org.scala-tools.sbt#sbt_2.8.1;0.12.2!sbt_2.8.1.jar:
WARN:   http://scala-tools.org/repo-releases/org/scala-tools/sbt/sbt_2.8.1/0.12.2/sbt_2.8.1-0.12.2.jar
WARN: ==== Scala-Tools Maven2 Snapshots Repository: tried
WARN:   http://scala-tools.org/repo-snapshots/org/scala-tools/sbt/sbt_2.8.1/0.12.2/sbt_2.8.1-0.12.2.pom
WARN:   -- artifact org.scala-tools.sbt#sbt_2.8.1;0.12.2!sbt_2.8.1.jar:
WARN:   http://scala-tools.org/repo-snapshots/org/scala-tools/sbt/sbt_2.8.1/0.12.2/sbt_2.8.1-0.12.2.jar
Nbr of module to sort : 0
	resolved ivy file produced in /Users/assaulter/.ivy2/cache/resolved-org.scala-tools.sbt-boot-app-1.0.xml
:: downloading artifacts ::
:: resolution report :: resolve 2803ms :: artifacts dl 0ms
WARN: 	::::::::::::::::::::::::::::::::::::::::::::::
WARN: 	::          UNRESOLVED DEPENDENCIES         ::
WARN: 	::::::::::::::::::::::::::::::::::::::::::::::
WARN: 	:: org.scala-tools.sbt#sbt_2.8.1;0.12.2: not found
WARN: 	::::::::::::::::::::::::::::::::::::::::::::::

Nbr of module to sort : 0
	report for org.scala-tools.sbt#boot-app;1.0 default produced in /Users/assaulter/.ivy2/cache/org.scala-tools.sbt-boot-app-default.xml
	resolve done (2803ms resolve - 0ms download)

:: problems summary ::
:::: WARNINGS
		module not found: org.scala-tools.sbt#sbt_2.8.1;0.12.2

	==== local: tried

	  /Users/assaulter/.ivy2/local/org.scala-tools.sbt/sbt_2.8.1/0.12.2/ivys/ivy.xml

	  -- artifact org.scala-tools.sbt#sbt_2.8.1;0.12.2!sbt_2.8.1.jar:

	  /Users/assaulter/.ivy2/local/org.scala-tools.sbt/sbt_2.8.1/0.12.2/jars/sbt_2.8.1.jar

	==== Maven2 Local: tried

	  file:///Users/assaulter/.m2/repository/org/scala-tools/sbt/sbt_2.8.1/0.12.2/sbt_2.8.1-0.12.2.pom

	  -- artifact org.scala-tools.sbt#sbt_2.8.1;0.12.2!sbt_2.8.1.jar:

	  file:///Users/assaulter/.m2/repository/org/scala-tools/sbt/sbt_2.8.1/0.12.2/sbt_2.8.1-0.12.2.jar

	==== typesafe-ivy-releases: tried

	  http://repo.typesafe.com/typesafe/ivy-releases/org.scala-tools.sbt/sbt_2.8.1/0.12.2/ivys/ivy.xml

	  -- artifact org.scala-tools.sbt#sbt_2.8.1;0.12.2!sbt_2.8.1.jar:

	  http://repo.typesafe.com/typesafe/ivy-releases/org.scala-tools.sbt/sbt_2.8.1/0.12.2/jars/sbt_2.8.1.jar

	==== Maven Central: tried

	  http://repo1.maven.org/maven2/org/scala-tools/sbt/sbt_2.8.1/0.12.2/sbt_2.8.1-0.12.2.pom

	  -- artifact org.scala-tools.sbt#sbt_2.8.1;0.12.2!sbt_2.8.1.jar:

	  http://repo1.maven.org/maven2/org/scala-tools/sbt/sbt_2.8.1/0.12.2/sbt_2.8.1-0.12.2.jar

	==== Scala-Tools Maven2 Repository: tried

	  http://scala-tools.org/repo-releases/org/scala-tools/sbt/sbt_2.8.1/0.12.2/sbt_2.8.1-0.12.2.pom

	  -- artifact org.scala-tools.sbt#sbt_2.8.1;0.12.2!sbt_2.8.1.jar:

	  http://scala-tools.org/repo-releases/org/scala-tools/sbt/sbt_2.8.1/0.12.2/sbt_2.8.1-0.12.2.jar

	==== Scala-Tools Maven2 Snapshots Repository: tried

	  http://scala-tools.org/repo-snapshots/org/scala-tools/sbt/sbt_2.8.1/0.12.2/sbt_2.8.1-0.12.2.pom

	  -- artifact org.scala-tools.sbt#sbt_2.8.1;0.12.2!sbt_2.8.1.jar:

	  http://scala-tools.org/repo-snapshots/org/scala-tools/sbt/sbt_2.8.1/0.12.2/sbt_2.8.1-0.12.2.jar

		::::::::::::::::::::::::::::::::::::::::::::::

		::          UNRESOLVED DEPENDENCIES         ::

		::::::::::::::::::::::::::::::::::::::::::::::

		:: org.scala-tools.sbt#sbt_2.8.1;0.12.2: not found

		::::::::::::::::::::::::::::::::::::::::::::::



:: USE VERBOSE OR DEBUG MESSAGE LEVEL FOR MORE DETAILS
java.lang.RuntimeException: not found
	at org.apache.ivy.core.resolve.IvyNode.loadData(IvyNode.java:237)
	at org.apache.ivy.core.resolve.VisitNode.loadData(VisitNode.java:287)
	at org.apache.ivy.core.resolve.ResolveEngine.fetchDependencies(ResolveEngine.java:696)
	at org.apache.ivy.core.resolve.ResolveEngine.doFetchDependencies(ResolveEngine.java:781)
	at org.apache.ivy.core.resolve.ResolveEngine.fetchDependencies(ResolveEngine.java:704)
	at org.apache.ivy.core.resolve.ResolveEngine.getDependencies(ResolveEngine.java:576)
	at org.apache.ivy.core.resolve.ResolveEngine.resolve(ResolveEngine.java:237)
	at xsbt.boot.Update.xsbt$boot$Update$$lockedApply(Pre.scala:84)
	at xsbt.boot.Update$$anon$3.call(Update.scala:78)
	at xsbt.boot.Locks$GlobalLock.withChannel$1(Locks.scala:75)
	at xsbt.boot.Locks$GlobalLock.withChannelRetries$1(Locks.scala:58)
	at xsbt.boot.Locks$GlobalLock$$anonfun$withFileLock$1.apply(Locks.scala:79)
	at xsbt.boot.Using$.withResource(Using.scala:11)
	at xsbt.boot.Using$.apply(Using.scala:10)
	at xsbt.boot.Locks$GlobalLock.liftedTree1$1(Locks.scala:51)
	at xsbt.boot.Locks$GlobalLock.withLock(Locks.scala:51)
	at xsbt.boot.Locks$.apply0(Locks.scala:30)
	at xsbt.boot.Locks$.apply(Locks.scala:27)
	at xsbt.boot.Update.apply(Pre.scala:79)
	at xsbt.boot.Provider$initialize.call(Provider.scala:34)
	at xsbt.boot.Locks$GlobalLock.withChannel$1(Locks.scala:75)
	at xsbt.boot.Locks$GlobalLock.withChannelRetries$1(Locks.scala:58)
	at xsbt.boot.Locks$GlobalLock$$anonfun$withFileLock$1.apply(Locks.scala:79)
	at xsbt.boot.Using$.withResource(Using.scala:11)
	at xsbt.boot.Using$.apply(Using.scala:10)
	at xsbt.boot.Locks$GlobalLock.liftedTree1$1(Locks.scala:51)
	at xsbt.boot.Locks$GlobalLock.withLock(Locks.scala:51)
	at xsbt.boot.Locks$.apply0(Locks.scala:30)
	at xsbt.boot.Locks$.apply(Locks.scala:27)
	at scala.collection.Iterable$class.$init$(Proxy.scala:32)
	at xsbt.boot.Launch$ScalaProvider$AppProvider.<init>(Launch.scala:127)
	at xsbt.boot.Launch$ScalaProvider.app(Launch.scala:125)
	at xsbt.boot.Launch$.run(Launch.scala:50)
	at xsbt.boot.Launch$$anonfun$explicit$1.apply(Launch.scala:43)
	at xsbt.boot.Launch$.launch(Launch.scala:68)
	at xsbt.boot.Launch$.apply(Launch.scala:14)
	at xsbt.boot.Boot$.runImpl(Boot.scala:24)
	at xsbt.boot.Boot$.main(Boot.scala:15)
	at xsbt.boot.Boot.main(Boot.scala)
Error during sbt execution: Error retrieving required libraries
	at xsbt.boot.Pre$.error(Pre.scala:19)
	at xsbt.boot.Update.xsbt$boot$Update$$lockedApply(Pre.scala:84)
	at xsbt.boot.Update$$anon$3.call(Update.scala:78)
	at xsbt.boot.Locks$GlobalLock.withChannel$1(Locks.scala:75)
	at xsbt.boot.Locks$GlobalLock.withChannelRetries$1(Locks.scala:58)
	at xsbt.boot.Locks$GlobalLock$$anonfun$withFileLock$1.apply(Locks.scala:79)
	at xsbt.boot.Using$.withResource(Using.scala:11)
	at xsbt.boot.Using$.apply(Using.scala:10)
	at xsbt.boot.Locks$GlobalLock.liftedTree1$1(Locks.scala:51)
	at xsbt.boot.Locks$GlobalLock.withLock(Locks.scala:51)
	at xsbt.boot.Locks$.apply0(Locks.scala:30)
	at xsbt.boot.Locks$.apply(Locks.scala:27)
	at xsbt.boot.Update.apply(Pre.scala:79)
	at xsbt.boot.Provider$initialize.call(Provider.scala:34)
	at xsbt.boot.Locks$GlobalLock.withChannel$1(Locks.scala:75)
	at xsbt.boot.Locks$GlobalLock.withChannelRetries$1(Locks.scala:58)
	at xsbt.boot.Locks$GlobalLock$$anonfun$withFileLock$1.apply(Locks.scala:79)
	at xsbt.boot.Using$.withResource(Using.scala:11)
	at xsbt.boot.Using$.apply(Using.scala:10)
	at xsbt.boot.Locks$GlobalLock.liftedTree1$1(Locks.scala:51)
	at xsbt.boot.Locks$GlobalLock.withLock(Locks.scala:51)
	at xsbt.boot.Locks$.apply0(Locks.scala:30)
	at xsbt.boot.Locks$.apply(Locks.scala:27)
	at scala.collection.Iterable$class.$init$(Proxy.scala:32)
	at xsbt.boot.Launch$ScalaProvider$AppProvider.<init>(Launch.scala:127)
	at xsbt.boot.Launch$ScalaProvider.app(Launch.scala:125)
	at xsbt.boot.Launch$.run(Launch.scala:50)
	at xsbt.boot.Launch$$anonfun$explicit$1.apply(Launch.scala:43)
	at xsbt.boot.Launch$.launch(Launch.scala:68)
	at xsbt.boot.Launch$.apply(Launch.scala:14)
	at xsbt.boot.Boot$.runImpl(Boot.scala:24)
	at xsbt.boot.Boot$.main(Boot.scala:15)
	at xsbt.boot.Boot.main(Boot.scala)
Error during sbt execution: Error retrieving required libraries
